<?xml version="1.0" encoding="UTF-8"?>
<!-- Generated by org.testng.reporters.JUnitXMLReporter -->
<testsuite hostname="STUDENT14" ignored="2" name="Default test" tests="4" failures="0" timestamp="10 Jan 2018 17:02:09 GMT" time="22.854" errors="0">
  <testcase name="openChrome" time="6.765" classname="test.test.QaTools"/>
  <testcase name="draggable" time="5.189" classname="test.test.QaTools"/>
  <testcase name="resizable" time="5.792" classname="test.test.QaTools"/>
  <testcase name="selectable" time="5.091" classname="test.test.QaTools"/>
  <testcase name="sortable" time="0.0" classname="test.test.QaTools">
    <ignored/>
  </testcase> <!-- sortable -->
  <testcase name="droppabe" time="0.0" classname="test.test.QaTools">
    <ignored/>
  </testcase> <!-- droppabe -->
</testsuite> <!-- Default test -->
